2019-09-29 18:00:37.947000 ERROR: arcpy.ExecuteErrorERROR 999999: Error executing function.
Invalid Topology [Maximum tolerance exceeded.]
Failed to execute (Dissolve).
2019-10-09 11:26:35.206000 ERROR: arcpy.ExecuteErrorERROR 999999: Error executing function.
Invalid Topology [Maximum tolerance exceeded.]
Failed to execute (Dissolve).
2019-10-09 11:36:54.407000 ERROR: arcpy.ExecuteErrorERROR 000210: Cannot create output C:/Users/hengstam/Desktop/projects/proglacial\\temp\intersection_output.shp
Failed to execute (Dissolve).
2019-10-09 11:37:09.852000 ERROR: arcpy.ExecuteErrorERROR 999999: Error executing function.
Invalid Topology [Maximum tolerance exceeded.]
Failed to execute (Dissolve).
2019-10-09 11:48:04.194000 ERROR: default errorlocal variable 'row' referenced before assignment2019-10-09 11:48:06.513000 ERROR: default errorlocal variable 'row' referenced before assignment2019-10-09 11:48:11.178000 ERROR: arcpy.ExecuteErrorERROR 999999: Error executing function.
Invalid Topology [Maximum tolerance exceeded.]
Failed to execute (Dissolve).
2019-10-09 11:48:12.858000 ERROR: default errorlocal variable 'row' referenced before assignment2019-10-09 11:48:14.586000 ERROR: default errorlocal variable 'row' referenced before assignment2019-10-09 11:48:27.213000 ERROR: default errorlocal variable 'row' referenced before assignment2019-10-09 11:48:29.162000 ERROR: default errorlocal variable 'row' referenced before assignment2019-10-09 11:49:40.210000 ERROR: default errorlocal variable 'row' referenced before assignment2019-10-09 11:49:42.327000 ERROR: default errorlocal variable 'row' referenced before assignment2019-10-09 11:49:45.979000 ERROR: arcpy.ExecuteErrorERROR 999999: Error executing function.
Invalid Topology [Maximum tolerance exceeded.]
Failed to execute (Dissolve).
2019-10-09 11:51:53.232000 ERROR: arcpy.ExecuteErrorERROR 999999: Error executing function.
Invalid Topology [Maximum tolerance exceeded.]
Failed to execute (Dissolve).
2019-10-09 11:53:15.454000 ERROR: arcpy.ExecuteErrorERROR 999999: Error executing function.
Invalid Topology [Maximum tolerance exceeded.]
Failed to execute (Dissolve).
