2019-09-29 18:11:48.689000 ERROR: arcpy.ExecuteErrorERROR 999999: Error executing function.
Invalid Topology [Maximum tolerance exceeded.]
Failed to execute (Dissolve).
2019-09-29 18:16:06.694000 ERROR: arcpy.ExecuteErrorERROR 999999: Error executing function.
Invalid Topology [Maximum tolerance exceeded.]
Failed to execute (Dissolve).
2019-09-29 18:26:43.607000 ERROR: arcpy.ExecuteErrorERROR 999999: Error executing function.
Invalid Topology [Maximum tolerance exceeded.]
Failed to execute (Dissolve).
2019-09-29 18:27:27.533000 ERROR: arcpy.ExecuteErrorERROR 999999: Error executing function.
Invalid Topology [Maximum tolerance exceeded.]
Failed to execute (Dissolve).
2019-09-29 18:28:09.893000 ERROR: arcpy.ExecuteErrorERROR 999999: Error executing function.
Invalid Topology [Maximum tolerance exceeded.]
Failed to execute (Dissolve).
2019-09-29 18:45:35.783000 ERROR: arcpy.ExecuteErrorERROR 999999: Error executing function.
Invalid Topology [Maximum tolerance exceeded.]
Failed to execute (Dissolve).
2019-09-29 18:45:38.455000 ERROR: arcpy.ExecuteErrorERROR 999999: Error executing function.
Invalid Topology [Maximum tolerance exceeded.]
Failed to execute (Dissolve).
2019-09-29 18:46:36.207000 ERROR: arcpy.ExecuteErrorERROR 999999: Error executing function.
Invalid Topology [Maximum tolerance exceeded.]
Failed to execute (Dissolve).
2019-09-29 18:46:50.223000 ERROR: arcpy.ExecuteErrorERROR 999999: Error executing function.
Invalid Topology [Maximum tolerance exceeded.]
Failed to execute (Dissolve).
2019-09-29 18:47:34.412000 ERROR: arcpy.ExecuteErrorERROR 999999: Error executing function.
Invalid Topology [Negative point valence.]
Failed to execute (Dissolve).
2019-09-29 18:48:20.438000 ERROR: arcpy.ExecuteErrorERROR 999999: Error executing function.
Invalid Topology [Maximum tolerance exceeded.]
Failed to execute (Dissolve).
2019-09-29 19:03:08.131000 ERROR: arcpy.ExecuteErrorERROR 999999: Error executing function.
Invalid Topology [Maximum tolerance exceeded.]
Failed to execute (Dissolve).
2019-09-29 19:03:10.903000 ERROR: arcpy.ExecuteErrorERROR 999999: Error executing function.
Invalid Topology [Maximum tolerance exceeded.]
Failed to execute (Dissolve).
2019-09-29 19:04:07.802000 ERROR: arcpy.ExecuteErrorERROR 999999: Error executing function.
Invalid Topology [Maximum tolerance exceeded.]
Failed to execute (Dissolve).
2019-09-29 19:04:21.028000 ERROR: arcpy.ExecuteErrorERROR 999999: Error executing function.
Invalid Topology [Maximum tolerance exceeded.]
Failed to execute (Dissolve).
2019-09-29 19:05:11.536000 ERROR: arcpy.ExecuteErrorERROR 999999: Error executing function.
Invalid Topology [Negative point valence.]
Failed to execute (Dissolve).
2019-09-29 19:05:53.481000 ERROR: arcpy.ExecuteErrorERROR 999999: Error executing function.
Invalid Topology [Maximum tolerance exceeded.]
Failed to execute (Dissolve).
2019-09-29 19:17:19.141000 ERROR: arcpy.ExecuteErrorERROR 999999: Error executing function.
Invalid Topology [Maximum tolerance exceeded.]
Failed to execute (Dissolve).
2019-09-29 19:17:22.110000 ERROR: arcpy.ExecuteErrorERROR 999999: Error executing function.
Invalid Topology [Maximum tolerance exceeded.]
Failed to execute (Dissolve).
2019-09-29 19:18:22.221000 ERROR: arcpy.ExecuteErrorERROR 999999: Error executing function.
Invalid Topology [Maximum tolerance exceeded.]
Failed to execute (Dissolve).
2019-09-29 19:18:33.534000 ERROR: arcpy.ExecuteErrorERROR 999999: Error executing function.
Invalid Topology [Maximum tolerance exceeded.]
Failed to execute (Dissolve).
2019-09-29 19:20:04.428000 ERROR: arcpy.ExecuteErrorERROR 999999: Error executing function.
Invalid Topology [Maximum tolerance exceeded.]
Failed to execute (Dissolve).
2019-09-29 20:43:18.802000 ERROR: arcpy.ExecuteErrorERROR 999999: Error executing function.
Invalid Topology [Maximum tolerance exceeded.]
Failed to execute (Dissolve).
2019-09-29 20:53:46.885000 ERROR: arcpy.ExecuteErrorERROR 999999: Error executing function.
Invalid Topology [Maximum tolerance exceeded.]
Failed to execute (Dissolve).
2019-09-29 20:54:40.221000 ERROR: arcpy.ExecuteErrorERROR 999999: Error executing function.
Invalid Topology [Maximum tolerance exceeded.]
Failed to execute (Dissolve).
2019-09-29 20:55:54.239000 ERROR: arcpy.ExecuteErrorERROR 999999: Error executing function.
Invalid Topology [Maximum tolerance exceeded.]
Failed to execute (Dissolve).
2019-09-29 21:16:33.521000 ERROR: arcpy.ExecuteErrorERROR 999999: Error executing function.
Invalid Topology [Maximum tolerance exceeded.]
Failed to execute (Dissolve).
2019-09-29 21:16:37.318000 ERROR: arcpy.ExecuteErrorERROR 999999: Error executing function.
Invalid Topology [Maximum tolerance exceeded.]
Failed to execute (Dissolve).
2019-09-29 21:18:04.500000 ERROR: arcpy.ExecuteErrorERROR 999999: Error executing function.
Invalid Topology [Maximum tolerance exceeded.]
Failed to execute (Dissolve).
2019-09-29 21:18:25.954000 ERROR: arcpy.ExecuteErrorERROR 999999: Error executing function.
Invalid Topology [Maximum tolerance exceeded.]
Failed to execute (Dissolve).
2019-09-29 21:20:07.941000 ERROR: arcpy.ExecuteErrorERROR 999999: Error executing function.
Invalid Topology [Maximum tolerance exceeded.]
Failed to execute (Dissolve).
2019-09-29 21:38:01.222000 ERROR: arcpy.ExecuteErrorERROR 999999: Error executing function.
Invalid Topology [Maximum tolerance exceeded.]
Failed to execute (Dissolve).
2019-09-29 21:38:04.878000 ERROR: arcpy.ExecuteErrorERROR 999999: Error executing function.
Invalid Topology [Maximum tolerance exceeded.]
Failed to execute (Dissolve).
2019-09-29 21:39:41.196000 ERROR: arcpy.ExecuteErrorERROR 999999: Error executing function.
Invalid Topology [Maximum tolerance exceeded.]
Failed to execute (Dissolve).
2019-09-29 21:40:01.446000 ERROR: arcpy.ExecuteErrorERROR 999999: Error executing function.
Invalid Topology [Maximum tolerance exceeded.]
Failed to execute (Dissolve).
2019-09-29 21:42:28.188000 ERROR: arcpy.ExecuteErrorERROR 999999: Error executing function.
Invalid Topology [Maximum tolerance exceeded.]
Failed to execute (Dissolve).
2019-09-29 21:58:06.889000 ERROR: arcpy.ExecuteErrorERROR 999999: Error executing function.
Invalid Topology [Maximum tolerance exceeded.]
Failed to execute (Dissolve).
2019-09-29 21:58:10.404000 ERROR: arcpy.ExecuteErrorERROR 999999: Error executing function.
Invalid Topology [Maximum tolerance exceeded.]
Failed to execute (Dissolve).
2019-09-29 21:59:49.949000 ERROR: arcpy.ExecuteErrorERROR 999999: Error executing function.
Invalid Topology [Maximum tolerance exceeded.]
Failed to execute (Dissolve).
2019-09-29 22:00:12.177000 ERROR: arcpy.ExecuteErrorERROR 999999: Error executing function.
Invalid Topology [Maximum tolerance exceeded.]
Failed to execute (Dissolve).
2019-09-29 22:02:38.687000 ERROR: arcpy.ExecuteErrorERROR 999999: Error executing function.
Invalid Topology [Maximum tolerance exceeded.]
Failed to execute (Dissolve).
2019-09-29 22:24:16.569000 ERROR: arcpy.ExecuteErrorERROR 999999: Error executing function.
Invalid Topology [Maximum tolerance exceeded.]
Failed to execute (Dissolve).
2019-09-29 22:24:23.663000 ERROR: arcpy.ExecuteErrorERROR 999999: Error executing function.
Invalid Topology [Maximum tolerance exceeded.]
Failed to execute (Dissolve).
2019-09-29 22:25:37.633000 ERROR: arcpy.ExecuteErrorERROR 999999: Error executing function.
Invalid Topology [Maximum tolerance exceeded.]
Failed to execute (Dissolve).
2019-09-29 22:27:02.553000 ERROR: arcpy.ExecuteErrorERROR 999999: Error executing function.
Invalid Topology [Maximum tolerance exceeded.]
Failed to execute (Dissolve).
2019-09-29 22:27:28.600000 ERROR: arcpy.ExecuteErrorERROR 999999: Error executing function.
Invalid Topology [Maximum tolerance exceeded.]
Failed to execute (Dissolve).
2019-09-29 22:30:37.739000 ERROR: arcpy.ExecuteErrorERROR 999999: Error executing function.
Invalid Topology [Maximum tolerance exceeded.]
Failed to execute (Dissolve).
2019-09-29 22:30:58.911000 ERROR: arcpy.ExecuteErrorERROR 999999: Error executing function.
Invalid Topology [Maximum tolerance exceeded.]
Failed to execute (Dissolve).
2019-09-29 22:32:00.882000 ERROR: arcpy.ExecuteErrorERROR 999999: Error executing function.
Invalid Topology [Maximum tolerance exceeded.]
Failed to execute (Dissolve).
2019-09-29 22:35:41.753000 ERROR: arcpy.ExecuteErrorERROR 999999: Error executing function.
Invalid Topology [Maximum tolerance exceeded.]
Failed to execute (Dissolve).
2019-09-29 22:39:27.633000 ERROR: arcpy.ExecuteErrorERROR 999999: Error executing function.
Invalid Topology [Maximum tolerance exceeded.]
Failed to execute (Dissolve).
2019-09-29 22:52:54.546000 ERROR: arcpy.ExecuteErrorERROR 999999: Error executing function.
Invalid Topology [Maximum tolerance exceeded.]
Failed to execute (Dissolve).
2019-09-29 22:53:03.999000 ERROR: arcpy.ExecuteErrorERROR 999999: Error executing function.
Invalid Topology [Maximum tolerance exceeded.]
Failed to execute (Dissolve).
2019-09-29 22:54:22.974000 ERROR: arcpy.ExecuteErrorERROR 999999: Error executing function.
Invalid Topology [Maximum tolerance exceeded.]
Failed to execute (Dissolve).
2019-09-29 22:55:08.406000 ERROR: arcpy.ExecuteErrorERROR 999999: Error executing function.
Invalid Topology [Maximum tolerance exceeded.]
Failed to execute (Dissolve).
2019-09-29 22:55:37.076000 ERROR: arcpy.ExecuteErrorERROR 999999: Error executing function.
Invalid Topology [Maximum tolerance exceeded.]
Failed to execute (Dissolve).
2019-09-29 22:58:27.707000 ERROR: arcpy.ExecuteErrorERROR 999999: Error executing function.
Invalid Topology [Maximum tolerance exceeded.]
Failed to execute (Dissolve).
2019-09-29 22:58:52.406000 ERROR: arcpy.ExecuteErrorERROR 999999: Error executing function.
Invalid Topology [Maximum tolerance exceeded.]
Failed to execute (Dissolve).
2019-09-29 22:59:57.416000 ERROR: arcpy.ExecuteErrorERROR 999999: Error executing function.
Invalid Topology [Maximum tolerance exceeded.]
Failed to execute (Dissolve).
2019-09-29 23:04:07.928000 ERROR: arcpy.ExecuteErrorERROR 999999: Error executing function.
Invalid Topology [Maximum tolerance exceeded.]
Failed to execute (Dissolve).
2019-09-29 23:07:29.791000 ERROR: arcpy.ExecuteErrorERROR 999999: Error executing function.
Invalid Topology [Maximum tolerance exceeded.]
Failed to execute (Dissolve).
2019-09-29 23:19:24.656000 ERROR: arcpy.ExecuteErrorERROR 999999: Error executing function.
Invalid Topology [Maximum tolerance exceeded.]
Failed to execute (Dissolve).
2019-09-29 23:22:57.360000 ERROR: arcpy.ExecuteErrorERROR 999999: Error executing function.
Invalid Topology [Maximum tolerance exceeded.]
Failed to execute (Dissolve).
2019-09-29 23:23:06.158000 ERROR: arcpy.ExecuteErrorERROR 999999: Error executing function.
Invalid Topology [Maximum tolerance exceeded.]
Failed to execute (Dissolve).
2019-09-29 23:24:26.543000 ERROR: arcpy.ExecuteErrorERROR 999999: Error executing function.
Invalid Topology [Maximum tolerance exceeded.]
Failed to execute (Dissolve).
2019-09-29 23:25:11.620000 ERROR: arcpy.ExecuteErrorERROR 999999: Error executing function.
Invalid Topology [Maximum tolerance exceeded.]
Failed to execute (Dissolve).
2019-09-29 23:25:33.556000 ERROR: arcpy.ExecuteErrorERROR 999999: Error executing function.
Invalid Topology [Maximum tolerance exceeded.]
Failed to execute (Dissolve).
2019-09-29 23:28:49.746000 ERROR: arcpy.ExecuteErrorERROR 999999: Error executing function.
Invalid Topology [Maximum tolerance exceeded.]
Failed to execute (Dissolve).
2019-09-29 23:29:17.871000 ERROR: arcpy.ExecuteErrorERROR 999999: Error executing function.
Invalid Topology [Maximum tolerance exceeded.]
Failed to execute (Dissolve).
2019-09-29 23:30:23.419000 ERROR: arcpy.ExecuteErrorERROR 999999: Error executing function.
Invalid Topology [Maximum tolerance exceeded.]
Failed to execute (Dissolve).
2019-09-29 23:34:57.773000 ERROR: arcpy.ExecuteErrorERROR 999999: Error executing function.
Invalid Topology [Maximum tolerance exceeded.]
Failed to execute (Dissolve).
2019-09-29 23:38:14.561000 ERROR: arcpy.ExecuteErrorERROR 999999: Error executing function.
Invalid Topology [Maximum tolerance exceeded.]
Failed to execute (Dissolve).
2019-09-29 23:46:46.943000 ERROR: arcpy.ExecuteErrorERROR 999999: Error executing function.
Invalid Topology [Maximum tolerance exceeded.]
Failed to execute (Dissolve).
2019-09-29 23:50:21.159000 ERROR: arcpy.ExecuteErrorERROR 999999: Error executing function.
Invalid Topology [Maximum tolerance exceeded.]
Failed to execute (Dissolve).
2019-09-29 23:50:32.672000 ERROR: arcpy.ExecuteErrorERROR 999999: Error executing function.
Invalid Topology [Maximum tolerance exceeded.]
Failed to execute (Dissolve).
2019-09-29 23:52:01.903000 ERROR: arcpy.ExecuteErrorERROR 999999: Error executing function.
Invalid Topology [Maximum tolerance exceeded.]
Failed to execute (Dissolve).
2019-09-29 23:52:51.689000 ERROR: arcpy.ExecuteErrorERROR 999999: Error executing function.
Invalid Topology [Maximum tolerance exceeded.]
Failed to execute (Dissolve).
2019-09-29 23:53:15.033000 ERROR: arcpy.ExecuteErrorERROR 999999: Error executing function.
Invalid Topology [Maximum tolerance exceeded.]
Failed to execute (Dissolve).
2019-09-29 23:57:01.077000 ERROR: arcpy.ExecuteErrorERROR 999999: Error executing function.
Invalid Topology [Maximum tolerance exceeded.]
Failed to execute (Dissolve).
2019-09-29 23:57:32.500000 ERROR: arcpy.ExecuteErrorERROR 999999: Error executing function.
Invalid Topology [Maximum tolerance exceeded.]
Failed to execute (Dissolve).
2019-09-29 23:58:45.065000 ERROR: arcpy.ExecuteErrorERROR 999999: Error executing function.
Invalid Topology [Maximum tolerance exceeded.]
Failed to execute (Dissolve).
2019-09-30 00:04:15.838000 ERROR: arcpy.ExecuteErrorERROR 999999: Error executing function.
Invalid Topology [Maximum tolerance exceeded.]
Failed to execute (Dissolve).
2019-09-30 00:08:02.539000 ERROR: arcpy.ExecuteErrorERROR 999999: Error executing function.
Invalid Topology [Maximum tolerance exceeded.]
Failed to execute (Dissolve).
2019-09-30 00:17:10.722000 ERROR: arcpy.ExecuteErrorERROR 999999: Error executing function.
Invalid Topology [Maximum tolerance exceeded.]
Failed to execute (Dissolve).
2019-09-30 00:17:47.367000 ERROR: arcpy.ExecuteErrorERROR 999999: Error executing function.
Invalid Topology [Maximum tolerance exceeded.]
Failed to execute (Dissolve).
2019-09-30 00:20:54.151000 ERROR: arcpy.ExecuteErrorERROR 999999: Error executing function.
Invalid Topology [Maximum tolerance exceeded.]
Failed to execute (Dissolve).
2019-09-30 00:25:16.880000 ERROR: arcpy.ExecuteErrorERROR 999999: Error executing function.
Invalid Topology [Maximum tolerance exceeded.]
Failed to execute (Dissolve).
2019-09-30 00:25:34.868000 ERROR: arcpy.ExecuteErrorERROR 999999: Error executing function.
Invalid Topology [Maximum tolerance exceeded.]
Failed to execute (Dissolve).
2019-09-30 00:27:21.419000 ERROR: arcpy.ExecuteErrorERROR 999999: Error executing function.
Invalid Topology [Maximum tolerance exceeded.]
Failed to execute (Dissolve).
2019-09-30 00:28:27.050000 ERROR: arcpy.ExecuteErrorERROR 999999: Error executing function.
Invalid Topology [Maximum tolerance exceeded.]
Failed to execute (Dissolve).
2019-09-30 00:28:47.541000 ERROR: arcpy.ExecuteErrorERROR 999999: Error executing function.
Invalid Topology [Maximum tolerance exceeded.]
Failed to execute (Dissolve).
2019-09-30 00:33:43.419000 ERROR: arcpy.ExecuteErrorERROR 999999: Error executing function.
Invalid Topology [Maximum tolerance exceeded.]
Failed to execute (Dissolve).
2019-09-30 00:34:13.104000 ERROR: arcpy.ExecuteErrorERROR 999999: Error executing function.
Invalid Topology [Maximum tolerance exceeded.]
Failed to execute (Dissolve).
2019-09-30 00:35:31.571000 ERROR: arcpy.ExecuteErrorERROR 999999: Error executing function.
Invalid Topology [Maximum tolerance exceeded.]
Failed to execute (Dissolve).
2019-09-30 00:40:56.767000 ERROR: arcpy.ExecuteErrorERROR 999999: Error executing function.
Invalid Topology [Maximum tolerance exceeded.]
Failed to execute (Dissolve).
2019-09-30 00:45:06.705000 ERROR: arcpy.ExecuteErrorERROR 999999: Error executing function.
Invalid Topology [Maximum tolerance exceeded.]
Failed to execute (Dissolve).
2019-09-30 00:52:03.264000 ERROR: arcpy.ExecuteErrorERROR 999999: Error executing function.
Invalid Topology [Maximum tolerance exceeded.]
Failed to execute (Dissolve).
2019-09-30 00:52:40.221000 ERROR: arcpy.ExecuteErrorERROR 999999: Error executing function.
Invalid Topology [Maximum tolerance exceeded.]
Failed to execute (Dissolve).
2019-09-30 00:55:54.491000 ERROR: arcpy.ExecuteErrorERROR 999999: Error executing function.
Invalid Topology [Maximum tolerance exceeded.]
Failed to execute (Dissolve).
2019-09-30 01:00:19.975000 ERROR: arcpy.ExecuteErrorERROR 999999: Error executing function.
Invalid Topology [Maximum tolerance exceeded.]
Failed to execute (Dissolve).
2019-09-30 01:00:29.475000 ERROR: arcpy.ExecuteErrorERROR 999999: Error executing function.
Invalid Topology [Maximum tolerance exceeded.]
Failed to execute (Dissolve).
2019-09-30 01:02:03.034000 ERROR: arcpy.ExecuteErrorERROR 999999: Error executing function.
Invalid Topology [Maximum tolerance exceeded.]
Failed to execute (Dissolve).
2019-09-30 01:03:15.359000 ERROR: arcpy.ExecuteErrorERROR 999999: Error executing function.
Invalid Topology [Maximum tolerance exceeded.]
Failed to execute (Dissolve).
2019-09-30 01:03:39.287000 ERROR: arcpy.ExecuteErrorERROR 999999: Error executing function.
Invalid Topology [Maximum tolerance exceeded.]
Failed to execute (Dissolve).
2019-09-30 01:08:36.997000 ERROR: arcpy.ExecuteErrorERROR 999999: Error executing function.
Invalid Topology [Maximum tolerance exceeded.]
Failed to execute (Dissolve).
2019-09-30 01:09:13.020000 ERROR: arcpy.ExecuteErrorERROR 999999: Error executing function.
Invalid Topology [Maximum tolerance exceeded.]
Failed to execute (Dissolve).
2019-09-30 01:11:23.033000 ERROR: arcpy.ExecuteErrorERROR 999999: Error executing function.
Invalid Topology [Maximum tolerance exceeded.]
Failed to execute (Dissolve).
2019-09-30 01:11:47.402000 ERROR: arcpy.ExecuteErrorERROR 999999: Error executing function.
Invalid Topology [Maximum tolerance exceeded.]
Failed to execute (Dissolve).
2019-09-30 01:17:50.261000 ERROR: arcpy.ExecuteErrorERROR 999999: Error executing function.
Invalid Topology [Maximum tolerance exceeded.]
Failed to execute (Dissolve).
2019-09-30 01:22:31.809000 ERROR: arcpy.ExecuteErrorERROR 999999: Error executing function.
Invalid Topology [Maximum tolerance exceeded.]
Failed to execute (Dissolve).
2019-09-30 01:28:43.426000 ERROR: arcpy.ExecuteErrorERROR 999999: Error executing function.
Invalid Topology [Maximum tolerance exceeded.]
Failed to execute (Dissolve).
2019-09-30 01:29:23.068000 ERROR: arcpy.ExecuteErrorERROR 999999: Error executing function.
Invalid Topology [Maximum tolerance exceeded.]
Failed to execute (Dissolve).
2019-09-30 01:32:46.559000 ERROR: arcpy.ExecuteErrorERROR 999999: Error executing function.
Invalid Topology [Maximum tolerance exceeded.]
Failed to execute (Dissolve).
2019-09-30 01:37:36.539000 ERROR: arcpy.ExecuteErrorERROR 999999: Error executing function.
Invalid Topology [Maximum tolerance exceeded.]
Failed to execute (Dissolve).
2019-09-30 01:37:44.461000 ERROR: arcpy.ExecuteErrorERROR 999999: Error executing function.
Invalid Topology [Maximum tolerance exceeded.]
Failed to execute (Dissolve).
2019-09-30 01:39:24.578000 ERROR: arcpy.ExecuteErrorERROR 999999: Error executing function.
Invalid Topology [Maximum tolerance exceeded.]
Failed to execute (Dissolve).
2019-09-30 01:40:48.567000 ERROR: arcpy.ExecuteErrorERROR 999999: Error executing function.
Invalid Topology [Maximum tolerance exceeded.]
Failed to execute (Dissolve).
2019-09-30 01:41:12.838000 ERROR: arcpy.ExecuteErrorERROR 999999: Error executing function.
Invalid Topology [Maximum tolerance exceeded.]
Failed to execute (Dissolve).
2019-09-30 01:46:41.639000 ERROR: arcpy.ExecuteErrorERROR 999999: Error executing function.
Invalid Topology [Maximum tolerance exceeded.]
Failed to execute (Dissolve).
2019-09-30 01:47:22.076000 ERROR: arcpy.ExecuteErrorERROR 999999: Error executing function.
Invalid Topology [Maximum tolerance exceeded.]
Failed to execute (Dissolve).
2019-09-30 01:48:50.581000 ERROR: arcpy.ExecuteErrorERROR 999999: Error executing function.
Invalid Topology [Maximum tolerance exceeded.]
Failed to execute (Dissolve).
2019-09-30 01:49:11.967000 ERROR: arcpy.ExecuteErrorERROR 999999: Error executing function.
Invalid Topology [Maximum tolerance exceeded.]
Failed to execute (Dissolve).
2019-09-30 01:55:32.750000 ERROR: arcpy.ExecuteErrorERROR 999999: Error executing function.
Invalid Topology [Maximum tolerance exceeded.]
Failed to execute (Dissolve).
2019-09-30 02:00:24.515000 ERROR: arcpy.ExecuteErrorERROR 999999: Error executing function.
Invalid Topology [Maximum tolerance exceeded.]
Failed to execute (Dissolve).
2019-09-30 02:11:31.378000 ERROR: arcpy.ExecuteErrorERROR 999999: Error executing function.
Invalid Topology [Maximum tolerance exceeded.]
Failed to execute (Dissolve).
2019-09-30 02:12:10.688000 ERROR: arcpy.ExecuteErrorERROR 999999: Error executing function.
Invalid Topology [Maximum tolerance exceeded.]
Failed to execute (Dissolve).
2019-09-30 02:16:04.490000 ERROR: arcpy.ExecuteErrorERROR 999999: Error executing function.
Invalid Topology [Maximum tolerance exceeded.]
Failed to execute (Dissolve).
2019-09-30 02:21:08.136000 ERROR: arcpy.ExecuteErrorERROR 999999: Error executing function.
Invalid Topology [Maximum tolerance exceeded.]
Failed to execute (Dissolve).
2019-09-30 02:21:20.069000 ERROR: arcpy.ExecuteErrorERROR 999999: Error executing function.
Invalid Topology [Maximum tolerance exceeded.]
Failed to execute (Dissolve).
2019-09-30 02:23:40.435000 ERROR: arcpy.ExecuteErrorERROR 999999: Error executing function.
Invalid Topology [Maximum tolerance exceeded.]
Failed to execute (Dissolve).
2019-09-30 02:25:21.762000 ERROR: arcpy.ExecuteErrorERROR 999999: Error executing function.
Invalid Topology [Maximum tolerance exceeded.]
Failed to execute (Dissolve).
2019-09-30 02:25:46.801000 ERROR: arcpy.ExecuteErrorERROR 999999: Error executing function.
Invalid Topology [Maximum tolerance exceeded.]
Failed to execute (Dissolve).
2019-09-30 02:31:49.781000 ERROR: arcpy.ExecuteErrorERROR 999999: Error executing function.
Invalid Topology [Maximum tolerance exceeded.]
Failed to execute (Dissolve).
2019-09-30 02:32:40.368000 ERROR: arcpy.ExecuteErrorERROR 999999: Error executing function.
Invalid Topology [Maximum tolerance exceeded.]
Failed to execute (Dissolve).
2019-09-30 02:34:30.268000 ERROR: arcpy.ExecuteErrorERROR 999999: Error executing function.
Invalid Topology [Maximum tolerance exceeded.]
Failed to execute (Dissolve).
2019-09-30 02:34:56.369000 ERROR: arcpy.ExecuteErrorERROR 999999: Error executing function.
Invalid Topology [Maximum tolerance exceeded.]
Failed to execute (Dissolve).
2019-09-30 02:42:00.125000 ERROR: arcpy.ExecuteErrorERROR 999999: Error executing function.
Invalid Topology [Maximum tolerance exceeded.]
Failed to execute (Dissolve).
2019-09-30 02:47:07.395000 ERROR: arcpy.ExecuteErrorERROR 999999: Error executing function.
Invalid Topology [Maximum tolerance exceeded.]
Failed to execute (Dissolve).
2019-09-30 02:56:47.955000 ERROR: arcpy.ExecuteErrorERROR 999999: Error executing function.
Invalid Topology [Maximum tolerance exceeded.]
Failed to execute (Dissolve).
2019-09-30 02:57:36.946000 ERROR: arcpy.ExecuteErrorERROR 999999: Error executing function.
Invalid Topology [Maximum tolerance exceeded.]
Failed to execute (Dissolve).
2019-09-30 03:02:02.067000 ERROR: arcpy.ExecuteErrorERROR 999999: Error executing function.
Invalid Topology [Maximum tolerance exceeded.]
Failed to execute (Dissolve).
2019-09-30 03:08:04.152000 ERROR: arcpy.ExecuteErrorERROR 999999: Error executing function.
Invalid Topology [Maximum tolerance exceeded.]
Failed to execute (Dissolve).
2019-09-30 03:08:14.090000 ERROR: arcpy.ExecuteErrorERROR 999999: Error executing function.
Invalid Topology [Maximum tolerance exceeded.]
Failed to execute (Dissolve).
2019-09-30 03:10:33.842000 ERROR: arcpy.ExecuteErrorERROR 999999: Error executing function.
Invalid Topology [Maximum tolerance exceeded.]
Failed to execute (Dissolve).
2019-09-30 03:12:11.590000 ERROR: arcpy.ExecuteErrorERROR 999999: Error executing function.
Invalid Topology [Maximum tolerance exceeded.]
Failed to execute (Dissolve).
2019-09-30 03:12:41.391000 ERROR: arcpy.ExecuteErrorERROR 999999: Error executing function.
Invalid Topology [Maximum tolerance exceeded.]
Failed to execute (Dissolve).
2019-09-30 03:20:10.431000 ERROR: arcpy.ExecuteErrorERROR 999999: Error executing function.
Invalid Topology [Maximum tolerance exceeded.]
Failed to execute (Dissolve).
2019-09-30 03:21:09.638000 ERROR: arcpy.ExecuteErrorERROR 999999: Error executing function.
Invalid Topology [Maximum tolerance exceeded.]
Failed to execute (Dissolve).
2019-09-30 03:23:21.676000 ERROR: arcpy.ExecuteErrorERROR 999999: Error executing function.
Invalid Topology [Maximum tolerance exceeded.]
Failed to execute (Dissolve).
2019-09-30 03:23:46.317000 ERROR: arcpy.ExecuteErrorERROR 999999: Error executing function.
Invalid Topology [Maximum tolerance exceeded.]
Failed to execute (Dissolve).
2019-09-30 03:32:00.064000 ERROR: arcpy.ExecuteErrorERROR 999999: Error executing function.
Invalid Topology [Maximum tolerance exceeded.]
Failed to execute (Dissolve).
2019-09-30 03:38:03.356000 ERROR: arcpy.ExecuteErrorERROR 999999: Error executing function.
Invalid Topology [Maximum tolerance exceeded.]
Failed to execute (Dissolve).
2019-09-30 03:47:06.095000 ERROR: arcpy.ExecuteErrorERROR 999999: Error executing function.
Invalid Topology [Maximum tolerance exceeded.]
Failed to execute (Dissolve).
2019-09-30 03:47:52.805000 ERROR: arcpy.ExecuteErrorERROR 999999: Error executing function.
Invalid Topology [Maximum tolerance exceeded.]
Failed to execute (Dissolve).
2019-09-30 03:52:36.221000 ERROR: arcpy.ExecuteErrorERROR 999999: Error executing function.
Invalid Topology [Maximum tolerance exceeded.]
Failed to execute (Dissolve).
2019-09-30 03:59:02.723000 ERROR: arcpy.ExecuteErrorERROR 999999: Error executing function.
Invalid Topology [Maximum tolerance exceeded.]
Failed to execute (Dissolve).
2019-09-30 03:59:15.075000 ERROR: arcpy.ExecuteErrorERROR 999999: Error executing function.
Invalid Topology [Maximum tolerance exceeded.]
Failed to execute (Dissolve).
2019-09-30 04:01:34.789000 ERROR: arcpy.ExecuteErrorERROR 999999: Error executing function.
Invalid Topology [Maximum tolerance exceeded.]
Failed to execute (Dissolve).
2019-09-30 04:03:10.871000 ERROR: arcpy.ExecuteErrorERROR 999999: Error executing function.
Invalid Topology [Maximum tolerance exceeded.]
Failed to execute (Dissolve).
2019-09-30 04:03:33.755000 ERROR: arcpy.ExecuteErrorERROR 999999: Error executing function.
Invalid Topology [Maximum tolerance exceeded.]
Failed to execute (Dissolve).
2019-09-30 04:11:14.023000 ERROR: arcpy.ExecuteErrorERROR 999999: Error executing function.
Invalid Topology [Maximum tolerance exceeded.]
Failed to execute (Dissolve).
2019-09-30 04:12:11.311000 ERROR: arcpy.ExecuteErrorERROR 999999: Error executing function.
Invalid Topology [Maximum tolerance exceeded.]
Failed to execute (Dissolve).
2019-09-30 04:14:26.676000 ERROR: arcpy.ExecuteErrorERROR 999999: Error executing function.
Invalid Topology [Maximum tolerance exceeded.]
Failed to execute (Dissolve).
2019-09-30 04:14:55.531000 ERROR: arcpy.ExecuteErrorERROR 999999: Error executing function.
Invalid Topology [Maximum tolerance exceeded.]
Failed to execute (Dissolve).
2019-09-30 04:23:58.614000 ERROR: arcpy.ExecuteErrorERROR 999999: Error executing function.
Invalid Topology [Maximum tolerance exceeded.]
Failed to execute (Dissolve).
2019-09-30 04:30:10.564000 ERROR: arcpy.ExecuteErrorERROR 999999: Error executing function.
Invalid Topology [Maximum tolerance exceeded.]
Failed to execute (Dissolve).
2019-09-30 04:41:15.577000 ERROR: arcpy.ExecuteErrorERROR 999999: Error executing function.
Invalid Topology [Maximum tolerance exceeded.]
Failed to execute (Dissolve).
2019-09-30 04:42:09.115000 ERROR: arcpy.ExecuteErrorERROR 999999: Error executing function.
Invalid Topology [Maximum tolerance exceeded.]
Failed to execute (Dissolve).
2019-09-30 04:47:32.850000 ERROR: arcpy.ExecuteErrorERROR 999999: Error executing function.
Invalid Topology [Maximum tolerance exceeded.]
Failed to execute (Dissolve).
2019-09-30 04:54:54.592000 ERROR: arcpy.ExecuteErrorERROR 999999: Error executing function.
Invalid Topology [Maximum tolerance exceeded.]
Failed to execute (Dissolve).
2019-09-30 04:55:06.273000 ERROR: arcpy.ExecuteErrorERROR 999999: Error executing function.
Invalid Topology [Maximum tolerance exceeded.]
Failed to execute (Dissolve).
2019-09-30 04:57:53.922000 ERROR: arcpy.ExecuteErrorERROR 999999: Error executing function.
Invalid Topology [Maximum tolerance exceeded.]
Failed to execute (Dissolve).
2019-09-30 04:59:38.924000 ERROR: arcpy.ExecuteErrorERROR 999999: Error executing function.
Invalid Topology [Maximum tolerance exceeded.]
Failed to execute (Dissolve).
2019-09-30 05:00:08.170000 ERROR: arcpy.ExecuteErrorERROR 999999: Error executing function.
Invalid Topology [Maximum tolerance exceeded.]
Failed to execute (Dissolve).
2019-09-30 05:08:41.167000 ERROR: arcpy.ExecuteErrorERROR 999999: Error executing function.
Invalid Topology [Maximum tolerance exceeded.]
Failed to execute (Dissolve).
2019-09-30 05:09:44.476000 ERROR: arcpy.ExecuteErrorERROR 999999: Error executing function.
Invalid Topology [Maximum tolerance exceeded.]
Failed to execute (Dissolve).
2019-09-30 05:12:04.264000 ERROR: arcpy.ExecuteErrorERROR 999999: Error executing function.
Invalid Topology [Maximum tolerance exceeded.]
Failed to execute (Dissolve).
2019-09-30 05:12:40.031000 ERROR: arcpy.ExecuteErrorERROR 999999: Error executing function.
Invalid Topology [Maximum tolerance exceeded.]
Failed to execute (Dissolve).
2019-09-30 05:22:30.931000 ERROR: arcpy.ExecuteErrorERROR 999999: Error executing function.
Invalid Topology [Maximum tolerance exceeded.]
Failed to execute (Dissolve).
2019-09-30 05:29:46.752000 ERROR: arcpy.ExecuteErrorERROR 999999: Error executing function.
Invalid Topology [Maximum tolerance exceeded.]
Failed to execute (Dissolve).
2019-09-30 05:46:29.050000 ERROR: arcpy.ExecuteErrorERROR 999999: Error executing function.
Invalid Topology [Maximum tolerance exceeded.]
Failed to execute (Dissolve).
2019-09-30 05:47:14.769000 ERROR: arcpy.ExecuteErrorERROR 999999: Error executing function.
Invalid Topology [Maximum tolerance exceeded.]
Failed to execute (Dissolve).
2019-09-30 05:52:51.822000 ERROR: arcpy.ExecuteErrorERROR 999999: Error executing function.
Invalid Topology [Maximum tolerance exceeded.]
Failed to execute (Dissolve).
2019-09-30 06:00:38.350000 ERROR: arcpy.ExecuteErrorERROR 999999: Error executing function.
Invalid Topology [Maximum tolerance exceeded.]
Failed to execute (Dissolve).
2019-09-30 06:00:50.913000 ERROR: arcpy.ExecuteErrorERROR 999999: Error executing function.
Invalid Topology [Maximum tolerance exceeded.]
Failed to execute (Dissolve).
2019-09-30 06:03:48.739000 ERROR: arcpy.ExecuteErrorERROR 999999: Error executing function.
Invalid Topology [Maximum tolerance exceeded.]
Failed to execute (Dissolve).
2019-09-30 06:05:48.675000 ERROR: arcpy.ExecuteErrorERROR 999999: Error executing function.
Invalid Topology [Maximum tolerance exceeded.]
Failed to execute (Dissolve).
2019-09-30 06:06:23.718000 ERROR: arcpy.ExecuteErrorERROR 999999: Error executing function.
Invalid Topology [Maximum tolerance exceeded.]
Failed to execute (Dissolve).
2019-09-30 06:15:16.867000 ERROR: arcpy.ExecuteErrorERROR 999999: Error executing function.
Invalid Topology [Maximum tolerance exceeded.]
Failed to execute (Dissolve).
2019-09-30 06:16:34.188000 ERROR: arcpy.ExecuteErrorERROR 999999: Error executing function.
Invalid Topology [Maximum tolerance exceeded.]
Failed to execute (Dissolve).
2019-09-30 06:18:50.222000 ERROR: arcpy.ExecuteErrorERROR 999999: Error executing function.
Invalid Topology [Maximum tolerance exceeded.]
Failed to execute (Dissolve).
2019-09-30 06:19:25.067000 ERROR: arcpy.ExecuteErrorERROR 999999: Error executing function.
Invalid Topology [Maximum tolerance exceeded.]
Failed to execute (Dissolve).
2019-09-30 06:30:38.830000 ERROR: arcpy.ExecuteErrorERROR 999999: Error executing function.
Invalid Topology [Maximum tolerance exceeded.]
Failed to execute (Dissolve).
2019-09-30 06:38:35.522000 ERROR: arcpy.ExecuteErrorERROR 999999: Error executing function.
Invalid Topology [Maximum tolerance exceeded.]
Failed to execute (Dissolve).
2019-09-30 06:51:13.344000 ERROR: arcpy.ExecuteErrorERROR 999999: Error executing function.
Invalid Topology [Maximum tolerance exceeded.]
Failed to execute (Dissolve).
2019-09-30 06:52:09.009000 ERROR: arcpy.ExecuteErrorERROR 999999: Error executing function.
Invalid Topology [Maximum tolerance exceeded.]
Failed to execute (Dissolve).
2019-09-30 06:58:11.369000 ERROR: arcpy.ExecuteErrorERROR 999999: Error executing function.
Invalid Topology [Maximum tolerance exceeded.]
Failed to execute (Dissolve).
2019-09-30 07:06:41.951000 ERROR: arcpy.ExecuteErrorERROR 999999: Error executing function.
Invalid Topology [Maximum tolerance exceeded.]
Failed to execute (Dissolve).
2019-09-30 07:06:57.905000 ERROR: arcpy.ExecuteErrorERROR 999999: Error executing function.
Invalid Topology [Maximum tolerance exceeded.]
Failed to execute (Dissolve).
2019-09-30 07:10:13.444000 ERROR: arcpy.ExecuteErrorERROR 999999: Error executing function.
Invalid Topology [Maximum tolerance exceeded.]
Failed to execute (Dissolve).
2019-09-30 07:12:32.588000 ERROR: arcpy.ExecuteErrorERROR 999999: Error executing function.
Invalid Topology [Maximum tolerance exceeded.]
Failed to execute (Dissolve).
2019-09-30 07:13:08.808000 ERROR: arcpy.ExecuteErrorERROR 999999: Error executing function.
Invalid Topology [Maximum tolerance exceeded.]
Failed to execute (Dissolve).
2019-09-30 07:22:22.218000 ERROR: arcpy.ExecuteErrorERROR 999999: Error executing function.
Invalid Topology [Maximum tolerance exceeded.]
Failed to execute (Dissolve).
2019-09-30 07:22:43.750000 ERROR: arcpy.ExecuteErrorERROR 999999: Error executing function.
Invalid Topology [Maximum tolerance exceeded.]
Failed to execute (Dissolve).
2019-09-30 07:24:02.715000 ERROR: arcpy.ExecuteErrorERROR 999999: Error executing function.
Invalid Topology [Maximum tolerance exceeded.]
Failed to execute (Dissolve).
2019-09-30 07:26:36.337000 ERROR: arcpy.ExecuteErrorERROR 999999: Error executing function.
Invalid Topology [Maximum tolerance exceeded.]
Failed to execute (Dissolve).
2019-09-30 07:27:09.573000 ERROR: arcpy.ExecuteErrorERROR 999999: Error executing function.
Invalid Topology [Maximum tolerance exceeded.]
Failed to execute (Dissolve).
2019-09-30 07:38:16.062000 ERROR: arcpy.ExecuteErrorERROR 999999: Error executing function.
Invalid Topology [Maximum tolerance exceeded.]
Failed to execute (Dissolve).
2019-09-30 07:46:44.194000 ERROR: arcpy.ExecuteErrorERROR 999999: Error executing function.
Invalid Topology [Maximum tolerance exceeded.]
Failed to execute (Dissolve).
2019-09-30 07:54:29.764000 ERROR: arcpy.ExecuteErrorERROR 999999: Error executing function.
Invalid Topology [Maximum tolerance exceeded.]
Failed to execute (Dissolve).
2019-09-30 07:55:23.105000 ERROR: arcpy.ExecuteErrorERROR 999999: Error executing function.
Invalid Topology [Maximum tolerance exceeded.]
Failed to execute (Dissolve).
2019-09-30 08:01:29.628000 ERROR: arcpy.ExecuteErrorERROR 999999: Error executing function.
Invalid Topology [Maximum tolerance exceeded.]
Failed to execute (Dissolve).
2019-09-30 08:10:01.285000 ERROR: arcpy.ExecuteErrorERROR 999999: Error executing function.
Invalid Topology [Maximum tolerance exceeded.]
Failed to execute (Dissolve).
2019-09-30 08:10:16.070000 ERROR: arcpy.ExecuteErrorERROR 999999: Error executing function.
Invalid Topology [Maximum tolerance exceeded.]
Failed to execute (Dissolve).
2019-09-30 08:13:37.430000 ERROR: arcpy.ExecuteErrorERROR 999999: Error executing function.
Invalid Topology [Maximum tolerance exceeded.]
Failed to execute (Dissolve).
2019-09-30 08:16:03.975000 ERROR: arcpy.ExecuteErrorERROR 999999: Error executing function.
Invalid Topology [Maximum tolerance exceeded.]
Failed to execute (Dissolve).
2019-09-30 08:16:41.619000 ERROR: arcpy.ExecuteErrorERROR 999999: Error executing function.
Invalid Topology [Maximum tolerance exceeded.]
Failed to execute (Dissolve).
2019-09-30 08:26:02.449000 ERROR: arcpy.ExecuteErrorERROR 999999: Error executing function.
Invalid Topology [Maximum tolerance exceeded.]
Failed to execute (Dissolve).
2019-09-30 08:26:26.122000 ERROR: arcpy.ExecuteErrorERROR 999999: Error executing function.
Invalid Topology [Maximum tolerance exceeded.]
Failed to execute (Dissolve).
2019-09-30 08:27:49.139000 ERROR: arcpy.ExecuteErrorERROR 999999: Error executing function.
Invalid Topology [Maximum tolerance exceeded.]
Failed to execute (Dissolve).
2019-09-30 08:30:29.733000 ERROR: arcpy.ExecuteErrorERROR 999999: Error executing function.
Invalid Topology [Maximum tolerance exceeded.]
Failed to execute (Dissolve).
2019-09-30 08:31:05.388000 ERROR: arcpy.ExecuteErrorERROR 999999: Error executing function.
Invalid Topology [Maximum tolerance exceeded.]
Failed to execute (Dissolve).
2019-09-30 08:42:08.044000 ERROR: arcpy.ExecuteErrorERROR 999999: Error executing function.
Invalid Topology [Maximum tolerance exceeded.]
Failed to execute (Dissolve).
2019-09-30 08:51:05.992000 ERROR: arcpy.ExecuteErrorERROR 999999: Error executing function.
Invalid Topology [Maximum tolerance exceeded.]
Failed to execute (Dissolve).
2019-09-30 09:02:18.663000 ERROR: arcpy.ExecuteErrorERROR 999999: Error executing function.
Invalid Topology [Maximum tolerance exceeded.]
Failed to execute (Dissolve).
2019-09-30 09:03:13.508000 ERROR: arcpy.ExecuteErrorERROR 999999: Error executing function.
Invalid Topology [Maximum tolerance exceeded.]
Failed to execute (Dissolve).
2019-09-30 09:09:31.654000 ERROR: arcpy.ExecuteErrorERROR 999999: Error executing function.
Invalid Topology [Maximum tolerance exceeded.]
Failed to execute (Dissolve).
2019-09-30 09:15:47.948000 ERROR: arcpy.ExecuteErrorERROR 999999: Error executing function.
Invalid Topology [Maximum tolerance exceeded.]
Failed to execute (Dissolve).
2019-09-30 09:18:12.445000 ERROR: arcpy.ExecuteErrorERROR 999999: Error executing function.
Invalid Topology [Maximum tolerance exceeded.]
Failed to execute (Dissolve).
2019-09-30 09:18:25.711000 ERROR: arcpy.ExecuteErrorERROR 999999: Error executing function.
Invalid Topology [Maximum tolerance exceeded.]
Failed to execute (Dissolve).
2019-09-30 09:21:59.036000 ERROR: arcpy.ExecuteErrorERROR 999999: Error executing function.
Invalid Topology [Maximum tolerance exceeded.]
Failed to execute (Dissolve).
2019-09-30 09:24:13.951000 ERROR: arcpy.ExecuteErrorERROR 999999: Error executing function.
Invalid Topology [Maximum tolerance exceeded.]
Failed to execute (Dissolve).
2019-09-30 09:24:53.918000 ERROR: arcpy.ExecuteErrorERROR 999999: Error executing function.
Invalid Topology [Maximum tolerance exceeded.]
Failed to execute (Dissolve).
2019-09-30 09:25:21.138000 ERROR: arcpy.ExecuteErrorERROR 999999: Error executing function.
Invalid Topology [Maximum tolerance exceeded.]
Failed to execute (Dissolve).
2019-09-30 09:34:08.300000 ERROR: arcpy.ExecuteErrorERROR 999999: Error executing function.
Invalid Topology [Maximum tolerance exceeded.]
Failed to execute (Dissolve).
2019-09-30 09:34:34.411000 ERROR: arcpy.ExecuteErrorERROR 999999: Error executing function.
Invalid Topology [Maximum tolerance exceeded.]
Failed to execute (Dissolve).
2019-09-30 09:35:53.427000 ERROR: arcpy.ExecuteErrorERROR 999999: Error executing function.
Invalid Topology [Maximum tolerance exceeded.]
Failed to execute (Dissolve).
2019-09-30 09:37:44.215000 ERROR: arcpy.ExecuteErrorERROR 999999: Error executing function.
Invalid Topology [Maximum tolerance exceeded.]
Failed to execute (Dissolve).
2019-09-30 09:38:39.668000 ERROR: arcpy.ExecuteErrorERROR 999999: Error executing function.
Invalid Topology [Maximum tolerance exceeded.]
Failed to execute (Dissolve).
2019-09-30 09:39:21.261000 ERROR: arcpy.ExecuteErrorERROR 999999: Error executing function.
Invalid Topology [Maximum tolerance exceeded.]
Failed to execute (Dissolve).
2019-09-30 09:50:49.265000 ERROR: arcpy.ExecuteErrorERROR 999999: Error executing function.
Invalid Topology [Maximum tolerance exceeded.]
Failed to execute (Dissolve).
2019-09-30 10:00:44.734000 ERROR: arcpy.ExecuteErrorERROR 999999: Error executing function.
Invalid Topology [Maximum tolerance exceeded.]
Failed to execute (Dissolve).
